VirtualBox XPCOM Server 5.2.12_Debian r122571 linux.amd64 (May 25 2018 06:45:05) release log
00:00:00.001806 main     Log opened 2019-01-19T23:37:44.309275000Z
00:00:00.001808 main     Build Type: release
00:00:00.001813 main     OS Product: Linux
00:00:00.001814 main     OS Release: 4.15.0-29deepin-generic
00:00:00.001815 main     OS Version: #31 SMP Fri Jul 27 07:12:08 UTC 2018
00:00:00.001840 main     DMI Product Name: Latitude 7480
00:00:00.001850 main     DMI Product Version: 
00:00:00.001906 main     Host RAM: 7596MB (7.4GB) total, 6035MB (5.8GB) available
00:00:00.001911 main     Executable: /usr/lib/virtualbox/VBoxSVC
00:00:00.001912 main     Process ID: 5672
00:00:00.001913 main     Package type: LINUX_64BITS_GENERIC (OSE)
00:00:00.003564 main     IPC socket path: /tmp/.vbox-wherrera-ipc/ipcd
00:00:00.110222 nspr-2   VirtualBox: object creation starts
00:00:00.111903 nspr-2   Home directory: '/home/wherrera/.config/VirtualBox'
00:00:00.115275 nspr-2   Loading settings file "/home/wherrera/.config/VirtualBox/VirtualBox.xml" with version "1.12-linux"
00:00:00.130154 nspr-2   NetIfAdpCtlOut: VBoxNetAdpCtl: Error while retrieving link speed for wlp2s0: VBoxNetAdpCtl: ioctl failed: Operation not supported
00:00:00.132548 nspr-2   NAT: resolv.conf: nameserver 8.8.8.8
00:00:00.132569 nspr-2   NAT: resolv.conf: nameserver 8.8.4.4
00:00:00.132574 nspr-2   NAT: resolv.conf: nameserver 4.4.4.4
00:00:00.132579 nspr-2   NAT: resolv.conf: too many nameserver lines, ignoring 200.42.4.198
00:00:00.132582 nspr-2   NAT: resolv.conf: too many nameserver lines, ignoring 200.49.130.40
00:00:00.132602 nspr-2   HostDnsMonitor: old information
00:00:00.132606 nspr-2     no server entries
00:00:00.132609 nspr-2     no domain set
00:00:00.132611 nspr-2     no search string entries
00:00:00.132613 nspr-2   HostDnsMonitor: new information
00:00:00.132616 nspr-2     server 1: 8.8.8.8
00:00:00.132619 nspr-2     server 2: 8.8.4.4
00:00:00.132622 nspr-2     server 3: 4.4.4.4
00:00:00.132625 nspr-2     domain: fibertel.com.ar
00:00:00.132627 nspr-2     search string 1: fibertel.com.ar
00:00:00.132634 nspr-2   HostDnsMonitorProxy::notify
00:00:00.135036 nspr-2   Failed to open "/dev/vboxdrvu", errno=13, rc=VERR_VM_DRIVER_NOT_ACCESSIBLE
00:00:00.138082 nspr-2   VD: VDInit finished with VINF_SUCCESS
00:00:00.138727 nspr-2   ERROR [COM]: aRC=NS_ERROR_FAILURE (0x80004005) aIID={0eb668d2-495e-5a36-8890-29999b5f030c} aComponent={SystemPropertiesWrap} aText={Cannot determine default Guest Additions ISO location. Most likely they are not available}, preserve=false aResultDetail=0
00:00:00.139075 nspr-2   VirtualBox: object created
01:02:49.485364 main     VirtualBox: object deletion starts
01:02:49.570201 Watcher  ERROR [COM]: aRC=E_ACCESSDENIED (0x80070005) aIID={9570b9d5-f1a1-448a-10c5-e12f5285adad} aComponent={VirtualBoxWrap} aText={The object is not ready}, preserve=false aResultDetail=0
01:02:54.485671 main     {00007f35fc017780} HostPowerServiceLinux::~HostPowerServiceLinux: RTThreadWait() for 5000 ms failed with VERR_TIMEOUT
01:02:54.485890 main     VirtualBox: object deleted
